<?xml version="1.0" encoding="UTF-8"?>
<!-- Generated by org.testng.reporters.JUnitXMLReporter -->
<testsuite ignored="0" hostname="HYDHTC562438L" failures="0" tests="6" name="Default test" time="37.559" errors="0" timestamp="2022-07-07T14:53:41 IST">
  <testcase classname="com.flipkart.testCases.PlaceOrder" name="LoginTest" time="7.976"/>
  <testcase classname="com.flipkart.testCases.PlaceOrder" name="SearchProductTest" time="3.676"/>
  <testcase classname="com.flipkart.testCases.PlaceOrder" name="SelectProductTest" time="2.137"/>
  <testcase classname="com.flipkart.testCases.PlaceOrder" name="AddToCartTest" time="1.308"/>
  <testcase classname="com.flipkart.testCases.PlaceOrder" name="PlaceOrderTest" time="2.49"/>
  <testcase classname="com.flipkart.testCases.PlaceOrder" name="DeliveryAddressTest" time="15.276"/>
</testsuite> <!-- Default test -->
