<?xml version="1.0" encoding="UTF-8"?>
<testng-results ignored="0" total="6" passed="6" failed="0" skipped="0">
  <reporter-output>
  </reporter-output>
  <suite started-at="2022-07-07T14:53:04 IST" name="Default suite" finished-at="2022-07-07T14:53:41 IST" duration-ms="37559">
    <groups>
    </groups>
    <test started-at="2022-07-07T14:53:04 IST" name="Default test" finished-at="2022-07-07T14:53:41 IST" duration-ms="37559">
      <class name="com.flipkart.testCases.PlaceOrder">
        <test-method is-config="true" signature="setUp()[pri:0, instance:com.flipkart.testCases.PlaceOrder@6fd83fc1]" started-at="2022-07-07T14:53:04 IST" name="setUp" finished-at="2022-07-07T14:53:08 IST" duration-ms="4406" status="PASS">
          <reporter-output>
          </reporter-output>
        </test-method> <!-- setUp -->
        <test-method signature="LoginTest()[pri:1, instance:com.flipkart.testCases.PlaceOrder@6fd83fc1]" started-at="2022-07-07T14:53:08 IST" name="LoginTest" finished-at="2022-07-07T14:53:16 IST" duration-ms="7976" status="PASS">
          <reporter-output>
          </reporter-output>
        </test-method> <!-- LoginTest -->
        <test-method signature="SearchProductTest()[pri:2, instance:com.flipkart.testCases.PlaceOrder@6fd83fc1]" started-at="2022-07-07T14:53:16 IST" name="SearchProductTest" finished-at="2022-07-07T14:53:20 IST" duration-ms="3676" status="PASS">
          <reporter-output>
          </reporter-output>
        </test-method> <!-- SearchProductTest -->
        <test-method signature="SelectProductTest()[pri:3, instance:com.flipkart.testCases.PlaceOrder@6fd83fc1]" started-at="2022-07-07T14:53:20 IST" name="SelectProductTest" finished-at="2022-07-07T14:53:22 IST" duration-ms="2137" status="PASS">
          <reporter-output>
          </reporter-output>
        </test-method> <!-- SelectProductTest -->
        <test-method signature="AddToCartTest()[pri:4, instance:com.flipkart.testCases.PlaceOrder@6fd83fc1]" started-at="2022-07-07T14:53:22 IST" name="AddToCartTest" finished-at="2022-07-07T14:53:23 IST" duration-ms="1308" status="PASS">
          <reporter-output>
          </reporter-output>
        </test-method> <!-- AddToCartTest -->
        <test-method signature="PlaceOrderTest()[pri:5, instance:com.flipkart.testCases.PlaceOrder@6fd83fc1]" started-at="2022-07-07T14:53:23 IST" name="PlaceOrderTest" finished-at="2022-07-07T14:53:26 IST" duration-ms="2490" status="PASS">
          <reporter-output>
          </reporter-output>
        </test-method> <!-- PlaceOrderTest -->
        <test-method signature="DeliveryAddressTest()[pri:6, instance:com.flipkart.testCases.PlaceOrder@6fd83fc1]" started-at="2022-07-07T14:53:26 IST" name="DeliveryAddressTest" finished-at="2022-07-07T14:53:41 IST" duration-ms="15276" status="PASS">
          <reporter-output>
          </reporter-output>
        </test-method> <!-- DeliveryAddressTest -->
        <test-method is-config="true" signature="tearDown()[pri:0, instance:com.flipkart.testCases.PlaceOrder@6fd83fc1]" started-at="2022-07-07T14:53:41 IST" name="tearDown" finished-at="2022-07-07T14:53:41 IST" duration-ms="244" status="PASS">
          <reporter-output>
          </reporter-output>
        </test-method> <!-- tearDown -->
      </class> <!-- com.flipkart.testCases.PlaceOrder -->
    </test> <!-- Default test -->
  </suite> <!-- Default suite -->
</testng-results>
